<?xml version="1.0" encoding="UTF-8"?>
<!-- Generated by org.testng.reporters.JUnitXMLReporter -->
<testsuite ignored="0" hostname="L75013" failures="0" tests="3" name="Default test" time="24.843" errors="0" timestamp="2026-01-19T23:11:40 IST">
  <testcase classname="FrameworkRevision.Tests.LoginTest" name="loginToApp" time="6.204"/>
  <testcase classname="FrameworkRevision.Tests.LoginTest" name="loginToApp" time="7.105"/>
  <testcase classname="FrameworkRevision.Tests.LoginTest" name="loginToApp" time="5.401"/>
</testsuite> <!-- Default test -->
