<?xml version="1.0" encoding="UTF-8"?>
<!-- Generated by org.testng.reporters.JUnitXMLReporter -->
<testsuite ignored="0" hostname="L75013" failures="1" tests="5" name="DemoTest" time="26.28" errors="0" timestamp="2026-01-21T22:14:53 IST">
  <testcase classname="FrameworkRevision.Tests.LoginTest" name="loginToApp" time="0.456"/>
  <testcase classname="FrameworkRevision.Tests.LoginTest" name="loginToApp" time="0.429"/>
  <testcase classname="FrameworkRevision.Tests.SubmitOrders" name="testOne" time="0.014">
    <failure type="java.lang.AssertionError" message="expected [true] but found [false]">
      <![CDATA[java.lang.AssertionError: expected [true] but found [false]
at FrameworkRevision.Tests.SubmitOrders.testOne(SubmitOrders.java:15)
at java.base/java.util.concurrent.Executors$RunnableAdapter.call(Executors.java:572)
at java.base/java.util.concurrent.FutureTask.run(FutureTask.java:317)
at java.base/java.util.concurrent.ThreadPoolExecutor.runWorker(ThreadPoolExecutor.java:1144)
at java.base/java.util.concurrent.ThreadPoolExecutor$Worker.run(ThreadPoolExecutor.java:642)
at java.base/java.lang.Thread.run(Thread.java:1583)
... Removed 15 stack frames]]>
    </failure>
  </testcase> <!-- testOne -->
  <testcase classname="FrameworkRevision.Tests.LoginTest" name="loginToApp" time="0.359"/>
  <testcase classname="FrameworkRevision.Tests.SubmitOrders" name="testTwo" time="0.003"/>
</testsuite> <!-- DemoTest -->
