<?xml version="1.0" encoding="UTF-8"?>
<!-- Generated by org.testng.reporters.JUnitXMLReporter -->
<testsuite ignored="0" hostname="L75013" failures="1" tests="1" name="firefox" time="7.7" errors="0" timestamp="2026-01-22T10:49:20 IST">
  <testcase classname="FrameworkRevision.Tests.SubmitOrdersGrid" name="parallelTest" time="0.001">
    <failure type="java.lang.AssertionError" message="expected [true] but found [false]">
      <![CDATA[java.lang.AssertionError: expected [true] but found [false]
at FrameworkRevision.Tests.SubmitOrdersGrid.parallelTest(SubmitOrdersGrid.java:22)
at java.base/java.util.ArrayList.forEach(ArrayList.java:1596)
at java.base/java.util.concurrent.FutureTask.run(FutureTask.java:317)
at java.base/java.util.concurrent.ThreadPoolExecutor.runWorker(ThreadPoolExecutor.java:1144)
at java.base/java.util.concurrent.ThreadPoolExecutor$Worker.run(ThreadPoolExecutor.java:642)
at java.base/java.lang.Thread.run(Thread.java:1583)
... Removed 19 stack frames]]>
    </failure>
  </testcase> <!-- parallelTest -->
</testsuite> <!-- firefox -->
