<?xml version="1.0" encoding="UTF-8"?>
<!-- Generated by org.testng.reporters.JUnitXMLReporter -->
<testsuite ignored="0" hostname="L75013" failures="2" tests="2" name="Test" time="9.448" errors="0" timestamp="2026-01-17T17:15:53 IST">
  <testcase classname="FrameworkRevision.Tests.SubmitOrders" name="testOne" time="0.022">
    <failure type="java.lang.AssertionError">
      <![CDATA[java.lang.AssertionError: 
at FrameworkRevision.Tests.SubmitOrders.testOne(SubmitOrders.java:14)
at java.base/java.util.ArrayList.forEach(ArrayList.java:1596)
... Removed 28 stack frames]]>
    </failure>
  </testcase> <!-- testOne -->
  <testcase classname="FrameworkRevision.Tests.SubmitOrders" name="testTwo" time="0.0">
    <failure type="org.testng.TestException" message="
Method SubmitOrders.testTwo()[pri:0, instance:FrameworkRevision.Tests.SubmitOrders@1ebea008] should have thrown an exception of type class java.lang.ArithmeticException">
      <![CDATA[org.testng.TestException: 
Method SubmitOrders.testTwo()[pri:0, instance:FrameworkRevision.Tests.SubmitOrders@1ebea008] should have thrown an exception of type class java.lang.ArithmeticException
at java.base/java.util.ArrayList.forEach(ArrayList.java:1596)
... Removed 25 stack frames]]>
    </failure>
  </testcase> <!-- testTwo -->
</testsuite> <!-- Test -->
