<?xml version="1.0" encoding="UTF-8"?>
<!-- Generated by org.testng.reporters.JUnitXMLReporter -->
<testsuite ignored="0" hostname="L75013" failures="4" tests="6" name="Test" time="30.649" errors="0" timestamp="2026-01-20T22:28:45 IST">
  <testcase classname="FrameworkRevision.Tests.SubmitOrders" name="testExceptions" time="0.021">
    <failure type="org.testng.TestException" message="
Method SubmitOrders.testExceptions()[pri:0, instance:FrameworkRevision.Tests.SubmitOrders@70e38ce1] should have thrown an exception of type class FrameworkRevision.CustomExceptions.ProductOutOfStockException">
      <![CDATA[org.testng.TestException: 
Method SubmitOrders.testExceptions()[pri:0, instance:FrameworkRevision.Tests.SubmitOrders@70e38ce1] should have thrown an exception of type class FrameworkRevision.CustomExceptions.ProductOutOfStockException
at java.base/java.util.ArrayList.forEach(ArrayList.java:1596)
... Removed 25 stack frames]]>
    </failure>
  </testcase> <!-- testExceptions -->
  <testcase classname="FrameworkRevision.Tests.SubmitOrders" name="testOne" time="0.017">
    <failure type="java.lang.AssertionError" message="expected [true] but found [false]">
      <![CDATA[java.lang.AssertionError: expected [true] but found [false]
at FrameworkRevision.Tests.SubmitOrders.testOne(SubmitOrders.java:15)
at java.base/java.util.ArrayList.forEach(ArrayList.java:1596)
... Removed 29 stack frames]]>
    </failure>
  </testcase> <!-- testOne -->
  <testcase classname="FrameworkRevision.Tests.SubmitOrders" name="testTwo" time="0.002">
    <failure type="org.testng.TestException" message="
Method SubmitOrders.testTwo()[pri:0, instance:FrameworkRevision.Tests.SubmitOrders@70e38ce1] should have thrown an exception of type class java.lang.ArithmeticException">
      <![CDATA[org.testng.TestException: 
Method SubmitOrders.testTwo()[pri:0, instance:FrameworkRevision.Tests.SubmitOrders@70e38ce1] should have thrown an exception of type class java.lang.ArithmeticException
at java.base/java.util.ArrayList.forEach(ArrayList.java:1596)
... Removed 25 stack frames]]>
    </failure>
  </testcase> <!-- testTwo -->
  <testcase classname="FrameworkRevision.Tests.LoginTest" name="loginToApp" time="0.851"/>
  <testcase classname="FrameworkRevision.Tests.LoginTest" name="loginToApp" time="0.778"/>
  <testcase classname="FrameworkRevision.Tests.LoginTest" name="loginToApp" time="0.013">
    <failure type="org.openqa.selenium.NoSuchWindowException" message="no such window: target window already closed
from unknown error: web view not found
  (Session info: chrome=144.0.7559.60)
Build info: version: &amp;apos;4.39.0&amp;apos;, revision: &amp;apos;126f156aee&amp;apos;
System info: os.name: &amp;apos;Windows 11&amp;apos;, os.arch: &amp;apos;amd64&amp;apos;, os.version: &amp;apos;10.0&amp;apos;, java.version: &amp;apos;21.0.9&amp;apos;
Driver info: org.openqa.selenium.chrome.ChromeDriver
Command: [054f85924c94ad3fc91d0179ac492d95, findElement {value=userEmail, using=id}]
Capabilities {acceptInsecureCerts: true, browserName: chrome, browserVersion: 144.0.7559.60, chrome: {chromedriverVersion: 144.0.7559.60 (c5d4451293ea..., userDataDir: C:\Users\PS100160\AppData\L...}, fedcm:accounts: true, goog:chromeOptions: {debuggerAddress: localhost:63266}, goog:processID: 29844, networkConnectionEnabled: false, pageLoadStrategy: normal, platformName: windows, proxy: Proxy(), se:cdp: ws://localhost:63266/devtoo..., se:cdpVersion: 144.0.7559.60, setWindowRect: true, strictFileInteractability: false, timeouts: {implicit: 0, pageLoad: 300000, script: 30000}, unhandledPromptBehavior: dismiss and notify, webauthn:extension:credBlob: true, webauthn:extension:largeBlob: true, webauthn:extension:minPinLength: true, webauthn:extension:prf: true, webauthn:virtualAuthenticators: true}
Session ID: 054f85924c94ad3fc91d0179ac492d95">
      <![CDATA[org.openqa.selenium.NoSuchWindowException: no such window: target window already closed
from unknown error: web view not found
  (Session info: chrome=144.0.7559.60)
Build info: version: '4.39.0', revision: '126f156aee'
System info: os.name: 'Windows 11', os.arch: 'amd64', os.version: '10.0', java.version: '21.0.9'
Driver info: org.openqa.selenium.chrome.ChromeDriver
Command: [054f85924c94ad3fc91d0179ac492d95, findElement {value=userEmail, using=id}]
Capabilities {acceptInsecureCerts: true, browserName: chrome, browserVersion: 144.0.7559.60, chrome: {chromedriverVersion: 144.0.7559.60 (c5d4451293ea..., userDataDir: C:\Users\PS100160\AppData\L...}, fedcm:accounts: true, goog:chromeOptions: {debuggerAddress: localhost:63266}, goog:processID: 29844, networkConnectionEnabled: false, pageLoadStrategy: normal, platformName: windows, proxy: Proxy(), se:cdp: ws://localhost:63266/devtoo..., se:cdpVersion: 144.0.7559.60, setWindowRect: true, strictFileInteractability: false, timeouts: {implicit: 0, pageLoad: 300000, script: 30000}, unhandledPromptBehavior: dismiss and notify, webauthn:extension:credBlob: true, webauthn:extension:largeBlob: true, webauthn:extension:minPinLength: true, webauthn:extension:prf: true, webauthn:virtualAuthenticators: true}
Session ID: 054f85924c94ad3fc91d0179ac492d95
at org.openqa.selenium.remote.ErrorCodec.decode(ErrorCodec.java:167)
at org.openqa.selenium.remote.codec.w3c.W3CHttpResponseCodec.decode(W3CHttpResponseCodec.java:142)
at org.openqa.selenium.remote.codec.w3c.W3CHttpResponseCodec.decode(W3CHttpResponseCodec.java:49)
at org.openqa.selenium.remote.HttpCommandExecutor.execute(HttpCommandExecutor.java:215)
at org.openqa.selenium.remote.service.DriverCommandExecutor.invokeExecute(DriverCommandExecutor.java:216)
at org.openqa.selenium.remote.service.DriverCommandExecutor.execute(DriverCommandExecutor.java:174)
at org.openqa.selenium.remote.RemoteWebDriver.execute(RemoteWebDriver.java:561)
at org.openqa.selenium.remote.ElementLocation$ElementFinder$2.findElement(ElementLocation.java:166)
at org.openqa.selenium.remote.ElementLocation.findElement(ElementLocation.java:67)
at org.openqa.selenium.remote.RemoteWebDriver.findElement(RemoteWebDriver.java:384)
at org.openqa.selenium.remote.RemoteWebDriver.findElement(RemoteWebDriver.java:378)
at org.openqa.selenium.support.pagefactory.DefaultElementLocator.findElement(DefaultElementLocator.java:68)
at org.openqa.selenium.support.pagefactory.internal.LocatingElementHandler.invoke(LocatingElementHandler.java:38)
at jdk.proxy2/jdk.proxy2.$Proxy14.sendKeys(Unknown Source)
at FrameworkRevision.PageObjects.LandingPage.setEmail(LandingPage.java:33)
at FrameworkRevision.Tests.LoginTest.loginToApp(LoginTest.java:21)
at java.base/java.util.concurrent.ThreadPoolExecutor.runWorker(ThreadPoolExecutor.java:1144)
at java.base/java.util.concurrent.ThreadPoolExecutor$Worker.run(ThreadPoolExecutor.java:642)
at java.base/java.lang.Thread.run(Thread.java:1583)
... Removed 10 stack frames]]>
    </failure>
  </testcase> <!-- loginToApp -->
</testsuite> <!-- Test -->
