<?xml version="1.0" encoding="UTF-8"?>
<testng-results ignored="0" total="3" passed="3" failed="0" skipped="0">
  <reporter-output>
  </reporter-output>
  <suite started-at="2026-01-20T22:41:53 IST" name="Suite" finished-at="2026-01-20T22:42:03 IST" duration-ms="9505">
    <groups>
    </groups>
    <test started-at="2026-01-20T22:41:53 IST" name="chrome" finished-at="2026-01-20T22:41:58 IST" duration-ms="4895">
      <class name="FrameworkRevision.Tests.SubmitOrdersGrid">
        <test-method signature="parallelTest(java.lang.String)[pri:0, instance:FrameworkRevision.Tests.SubmitOrdersGrid@536dbea0]" started-at="2026-01-20T22:41:53 IST" name="parallelTest" finished-at="2026-01-20T22:41:58 IST" duration-ms="4845" status="PASS">
          <params>
            <param index="0">
              <value>
                <![CDATA[chrome]]>
              </value>
            </param>
          </params>
          <reporter-output>
          </reporter-output>
        </test-method> <!-- parallelTest -->
      </class> <!-- FrameworkRevision.Tests.SubmitOrdersGrid -->
    </test> <!-- chrome -->
    <test started-at="2026-01-20T22:41:53 IST" name="edge" finished-at="2026-01-20T22:41:59 IST" duration-ms="5394">
      <class name="FrameworkRevision.Tests.SubmitOrdersGrid">
        <test-method signature="parallelTest(java.lang.String)[pri:0, instance:FrameworkRevision.Tests.SubmitOrdersGrid@560348e6]" started-at="2026-01-20T22:41:53 IST" name="parallelTest" finished-at="2026-01-20T22:41:59 IST" duration-ms="5344" status="PASS">
          <params>
            <param index="0">
              <value>
                <![CDATA[edge]]>
              </value>
            </param>
          </params>
          <reporter-output>
          </reporter-output>
        </test-method> <!-- parallelTest -->
      </class> <!-- FrameworkRevision.Tests.SubmitOrdersGrid -->
    </test> <!-- edge -->
    <test started-at="2026-01-20T22:41:53 IST" name="firefox" finished-at="2026-01-20T22:42:03 IST" duration-ms="9505">
      <class name="FrameworkRevision.Tests.SubmitOrdersGrid">
        <test-method signature="parallelTest(java.lang.String)[pri:0, instance:FrameworkRevision.Tests.SubmitOrdersGrid@23202fce]" started-at="2026-01-20T22:41:53 IST" name="parallelTest" finished-at="2026-01-20T22:42:03 IST" duration-ms="9455" status="PASS">
          <params>
            <param index="0">
              <value>
                <![CDATA[firefox]]>
              </value>
            </param>
          </params>
          <reporter-output>
          </reporter-output>
        </test-method> <!-- parallelTest -->
      </class> <!-- FrameworkRevision.Tests.SubmitOrdersGrid -->
    </test> <!-- firefox -->
  </suite> <!-- Suite -->
</testng-results>
