<?xml version="1.0" encoding="UTF-8"?>
<!-- Generated by org.testng.reporters.JUnitReportReporter -->
<testsuite hostname="L75013" failures="0" tests="7" name="cucumber.testrunner.TestRunner" time="0.136" errors="3" timestamp="2026-01-25T22:10:22 IST" skipped="0">
  <testcase classname="cucumber.testrunner.TestRunner" name="runScenario" time="0.007"/>
  <testcase classname="cucumber.testrunner.TestRunner" name="runScenario" time="0.005"/>
  <testcase classname="cucumber.testrunner.TestRunner" name="runScenario" time="0.005"/>
  <testcase classname="cucumber.testrunner.TestRunner" name="runScenario" time="0.002"/>
  <testcase classname="cucumber.testrunner.TestRunner" name="runScenario" time="0.097">
    <error message="The step &#039;test this&#039; is undefined.
You can implement this step using the snippet(s) below:

@Then(&quot;test this&quot;)
public void test_this() {
    // Write code here that turns the phrase above into concrete actions
    throw new io.cucumber.java.PendingException();
}
" type="io.cucumber.testng.UndefinedStepException">
      <![CDATA[io.cucumber.testng.UndefinedStepException: The step 'test this' is undefined.
You can implement this step using the snippet(s) below:

@Then("test this")
public void test_this() {
    // Write code here that turns the phrase above into concrete actions
    throw new io.cucumber.java.PendingException();
}

at ✽.test this(file:///C:/Users/PS100160/eclipse-workspace/SeleniumRevision/src/test/java/features/LoginTest.feature:12)
]]>
    </error>
  </testcase> <!-- runScenario -->
  <testcase classname="cucumber.testrunner.TestRunner" name="runScenario" time="0.009">
    <error message="The step &#039;test this&#039; is undefined.
You can implement this step using the snippet(s) below:

@Then(&quot;test this&quot;)
public void test_this() {
    // Write code here that turns the phrase above into concrete actions
    throw new io.cucumber.java.PendingException();
}
" type="io.cucumber.testng.UndefinedStepException">
      <![CDATA[io.cucumber.testng.UndefinedStepException: The step 'test this' is undefined.
You can implement this step using the snippet(s) below:

@Then("test this")
public void test_this() {
    // Write code here that turns the phrase above into concrete actions
    throw new io.cucumber.java.PendingException();
}

at ✽.test this(file:///C:/Users/PS100160/eclipse-workspace/SeleniumRevision/src/test/java/features/LoginTest.feature:12)
]]>
    </error>
  </testcase> <!-- runScenario -->
  <testcase classname="cucumber.testrunner.TestRunner" name="runScenario" time="0.011">
    <error message="The step &#039;test this&#039; is undefined.
You can implement this step using the snippet(s) below:

@Then(&quot;test this&quot;)
public void test_this() {
    // Write code here that turns the phrase above into concrete actions
    throw new io.cucumber.java.PendingException();
}
" type="io.cucumber.testng.UndefinedStepException">
      <![CDATA[io.cucumber.testng.UndefinedStepException: The step 'test this' is undefined.
You can implement this step using the snippet(s) below:

@Then("test this")
public void test_this() {
    // Write code here that turns the phrase above into concrete actions
    throw new io.cucumber.java.PendingException();
}

at ✽.test this(file:///C:/Users/PS100160/eclipse-workspace/SeleniumRevision/src/test/java/features/LoginTest.feature:12)
]]>
    </error>
  </testcase> <!-- runScenario -->
</testsuite> <!-- cucumber.testrunner.TestRunner -->
