<?xml version="1.0" encoding="UTF-8"?>
<!-- Generated by org.testng.reporters.JUnitReportReporter -->
<testsuite hostname="L75013" failures="0" tests="3" name="FrameworkRevision.Tests.LoginTest" time="42.848" errors="0" timestamp="2026-01-20T22:40:12 IST" skipped="0">
  <testcase classname="FrameworkRevision.Tests.LoginTest" name="loginToApp" time="28.574"/>
  <testcase classname="FrameworkRevision.Tests.LoginTest" name="loginToApp" time="7.541"/>
  <testcase classname="FrameworkRevision.Tests.LoginTest" name="loginToApp" time="6.733"/>
</testsuite> <!-- FrameworkRevision.Tests.LoginTest -->
