<?xml version="1.0" encoding="UTF-8"?>
<!-- Generated by org.testng.reporters.JUnitReportReporter -->
<testsuite hostname="L75013" failures="0" tests="3" name="FrameworkRevision.Tests.SubmitOrdersGrid" time="19.644" errors="0" timestamp="2026-01-20T22:42:03 IST" skipped="0">
  <testcase classname="FrameworkRevision.Tests.SubmitOrdersGrid" name="parallelTest" time="5.344"/>
  <testcase classname="FrameworkRevision.Tests.SubmitOrdersGrid" name="parallelTest" time="4.845"/>
  <testcase classname="FrameworkRevision.Tests.SubmitOrdersGrid" name="parallelTest" time="9.455"/>
</testsuite> <!-- FrameworkRevision.Tests.SubmitOrdersGrid -->
