<?xml version="1.0" encoding="UTF-8"?>
<!-- Generated by org.testng.reporters.JUnitReportReporter -->
<testsuite hostname="L75013" failures="0" tests="3" name="FrameworkRevision.Tests.LoginTest" time="16.885" errors="0" timestamp="2026-01-22T10:48:35 IST" skipped="0">
  <testcase classname="FrameworkRevision.Tests.LoginTest" name="loginToApp" time="4.872"/>
  <testcase classname="FrameworkRevision.Tests.LoginTest" name="loginToApp" time="6.091"/>
  <testcase classname="FrameworkRevision.Tests.LoginTest" name="loginToApp" time="5.922"/>
</testsuite> <!-- FrameworkRevision.Tests.LoginTest -->
