<?xml version="1.0" encoding="UTF-8"?>
<!-- Generated by org.testng.reporters.JUnitReportReporter -->
<testsuite hostname="L75013" failures="0" tests="7" name="cucumber.testrunner.TestRunner" time="0.120" errors="0" timestamp="2026-01-26T17:19:17 IST" skipped="0">
  <testcase classname="cucumber.testrunner.TestRunner" name="runScenario" time="0.002"/>
  <testcase classname="cucumber.testrunner.TestRunner" name="runScenario" time="0.006"/>
  <testcase classname="cucumber.testrunner.TestRunner" name="runScenario" time="0.007"/>
  <testcase classname="cucumber.testrunner.TestRunner" name="runScenario" time="0.010"/>
  <testcase classname="cucumber.testrunner.TestRunner" name="runScenario" time="0.081"/>
  <testcase classname="cucumber.testrunner.TestRunner" name="runScenario" time="0.008"/>
  <testcase classname="cucumber.testrunner.TestRunner" name="runScenario" time="0.006"/>
</testsuite> <!-- cucumber.testrunner.TestRunner -->
